INFO  | 21-04-2022 17:36:05 | utility.CollectionFileManager - Collection loaded successfully.
INFO  | 21-04-2022 17:36:05 | server.Server - Server start...
INFO  | 21-04-2022 17:36:05 | server.Server - The server started successfully.
INFO  | 21-04-2022 17:36:05 | server.Server - Port listening '4999'...
INFO  | 21-04-2022 17:37:05 | server.Server - Shutting down the server...
INFO  | 21-04-2022 17:37:05 | server.Server - Server operation completed successfully.
INFO  | 21-04-2022 17:38:03 | utility.CollectionFileManager - Collection loaded successfully.
INFO  | 21-04-2022 17:38:03 | server.Server - Server start...
INFO  | 21-04-2022 17:38:03 | server.Server - The server started successfully.
INFO  | 21-04-2022 17:38:03 | server.Server - Port listening '4999'...
INFO  | 21-04-2022 17:38:03 | server.Server - The connection with the client was successfully established.
INFO  | 21-04-2022 17:38:12 | server.Server - Request 'help' processed successfully.
INFO  | 21-04-2022 17:38:35 | server.Server - Request 'average_of_annual_turnover' processed successfully.
INFO  | 21-04-2022 18:19:26 | utility.CollectionFileManager - Collection loaded successfully.
INFO  | 21-04-2022 18:19:26 | server.Server - Server start...
INFO  | 21-04-2022 18:19:26 | server.Server - The server started successfully.
INFO  | 21-04-2022 18:19:26 | server.Server - Port listening '4999'...
INFO  | 21-04-2022 18:19:34 | server.Server - The connection with the client was successfully established.
INFO  | 21-04-2022 18:28:07 | utility.CollectionFileManager - Collection loaded successfully.
INFO  | 21-04-2022 18:28:07 | server.Server - Server start...
INFO  | 21-04-2022 18:28:07 | server.Server - The server started successfully.
INFO  | 21-04-2022 18:28:07 | server.Server - Port listening '4999'...
INFO  | 21-04-2022 18:28:11 | server.Server - The connection with the client was successfully established.
INFO  | 21-04-2022 18:28:14 | server.Server - Request 'help' processed successfully.
INFO  | 21-04-2022 18:28:28 | server.Server - Request 'count_greater_than_official_address' processed successfully.
INFO  | 21-04-2022 18:32:10 | server.Server - Client successfully disconnected from server!
INFO  | 21-04-2022 18:32:10 | server.Server - Port listening '4999'...
INFO  | 21-04-2022 18:32:12 | server.Server - The connection with the client was successfully established.
INFO  | 21-04-2022 18:32:30 | server.Server - Request 'count_greater_than_official_address' processed successfully.
INFO  | 21-04-2022 18:32:39 | utility.CollectionFileManager - Collection loaded successfully.
INFO  | 21-04-2022 18:32:39 | server.Server - Server start...
INFO  | 21-04-2022 18:32:39 | server.Server - The server started successfully.
INFO  | 21-04-2022 18:32:39 | server.Server - Port listening '4999'...
INFO  | 21-04-2022 18:32:48 | server.Server - The connection with the client was successfully established.
INFO  | 21-04-2022 18:32:58 | server.Server - Request 'count_greater_than_official_address' processed successfully.
INFO  | 21-04-2022 18:36:16 | utility.CollectionFileManager - Collection loaded successfully.
INFO  | 21-04-2022 18:36:16 | server.Server - Server start...
INFO  | 21-04-2022 18:36:16 | server.Server - The server started successfully.
INFO  | 21-04-2022 18:36:16 | server.Server - Port listening '4999'...
INFO  | 21-04-2022 18:36:20 | server.Server - The connection with the client was successfully established.
INFO  | 21-04-2022 18:36:35 | server.Server - Request 'count_greater_than_official_address' processed successfully.
INFO  | 21-04-2022 18:36:46 | utility.CollectionFileManager - Collection loaded successfully.
INFO  | 21-04-2022 18:36:46 | server.Server - Server start...
INFO  | 21-04-2022 18:36:46 | server.Server - The server started successfully.
INFO  | 21-04-2022 18:36:46 | server.Server - Port listening '4999'...
INFO  | 21-04-2022 18:36:55 | server.Server - The connection with the client was successfully established.
INFO  | 21-04-2022 18:37:03 | server.Server - Request 'count_greater_than_official_address' processed successfully.
INFO  | 21-04-2022 18:39:48 | server.Server - Request 'help' processed successfully.
INFO  | 21-04-2022 18:41:03 | server.Server - Client successfully disconnected from server!
INFO  | 21-04-2022 18:41:03 | server.Server - Port listening '4999'...
INFO  | 21-04-2022 18:41:04 | server.Server - The connection with the client was successfully established.
INFO  | 21-04-2022 18:41:13 | server.Server - Request 'filter_greater_than_type' processed successfully.
INFO  | 21-04-2022 18:41:27 | server.Server - Request 'filter_greater_than_type' processed successfully.
INFO  | 21-04-2022 18:41:45 | server.Server - Request 'filter_greater_than_type' processed successfully.
INFO  | 21-04-2022 18:41:48 | server.Server - Request 'show' processed successfully.
INFO  | 21-04-2022 18:42:29 | server.Server - Request 'update' processed successfully.
INFO  | 21-04-2022 18:42:30 | server.Server - Request 'show' processed successfully.
INFO  | 21-04-2022 18:42:36 | server.Server - Request 'help' processed successfully.
INFO  | 21-04-2022 18:42:49 | server.Server - Request 'filter_greater_than_type' processed successfully.
INFO  | 21-04-2022 18:44:04 | server.Server - Request 'exit' processed successfully.
INFO  | 21-04-2022 18:44:04 | server.Server - Client successfully disconnected from server!
INFO  | 21-04-2022 18:44:04 | server.Server - Port listening '4999'...
INFO  | 21-04-2022 18:44:13 | server.Server - The connection with the client was successfully established.
INFO  | 21-04-2022 18:48:21 | server.Server - Request 'save' processed successfully.
INFO  | 21-04-2022 18:50:06 | utility.CollectionFileManager - Collection loaded successfully.
INFO  | 21-04-2022 18:50:06 | server.Server - Server start...
INFO  | 21-04-2022 18:50:06 | server.Server - The server started successfully.
INFO  | 21-04-2022 18:50:06 | server.Server - Port listening '4999'...
INFO  | 21-04-2022 18:50:13 | server.Server - The connection with the client was successfully established.
INFO  | 21-04-2022 18:50:15 | server.Server - Request 'help' processed successfully.
INFO  | 21-04-2022 18:50:17 | server.Server - Request 'save' processed successfully.
INFO  | 21-04-2022 18:50:23 | server.Server - Client successfully disconnected from server!
INFO  | 21-04-2022 18:50:23 | server.Server - Port listening '4999'...
INFO  | 21-04-2022 18:50:24 | server.Server - The connection with the client was successfully established.
INFO  | 21-04-2022 18:50:32 | server.Server - Request 'exit' processed successfully.
INFO  | 21-04-2022 18:50:32 | server.Server - Client successfully disconnected from server!
INFO  | 21-04-2022 18:50:32 | server.Server - Port listening '4999'...
INFO  | 21-04-2022 18:51:32 | server.Server - Shutting down the server...
INFO  | 21-04-2022 18:51:32 | server.Server - Server operation completed successfully.
